  stdafx.cpp
C:\Users\common\Desktop\연구실 노트북 사용자\이용선\Git\IBPC\glsl2019\GLSLBase\Dependencies\assimp\defs.h(1,1): warning C4819: 현재 코드 페이지(949)에서 표시할 수 없는 문자가 파일에 들어 있습니다. 데이터가 손실되지 않게 하려면 해당 파일을 유니코드 형식으로 저장하십시오.
C:\Users\common\Desktop\연구실 노트북 사용자\이용선\Git\IBPC\glsl2019\GLSLBase\Dependencies\assimp\matrix3x3.h(1,1): warning C4819: 현재 코드 페이지(949)에서 표시할 수 없는 문자가 파일에 들어 있습니다. 데이터가 손실되지 않게 하려면 해당 파일을 유니코드 형식으로 저장하십시오.
C:\Users\common\Desktop\연구실 노트북 사용자\이용선\Git\IBPC\glsl2019\GLSLBase\Dependencies\assimp\matrix4x4.h(1,1): warning C4819: 현재 코드 페이지(949)에서 표시할 수 없는 문자가 파일에 들어 있습니다. 데이터가 손실되지 않게 하려면 해당 파일을 유니코드 형식으로 저장하십시오.
C:\Users\common\Desktop\연구실 노트북 사용자\이용선\Git\IBPC\glsl2019\GLSLBase\Dependencies\assimp\matrix3x3.inl(1,1): warning C4819: 현재 코드 페이지(949)에서 표시할 수 없는 문자가 파일에 들어 있습니다. 데이터가 손실되지 않게 하려면 해당 파일을 유니코드 형식으로 저장하십시오.
C:\Users\common\Desktop\연구실 노트북 사용자\이용선\Git\IBPC\glsl2019\GLSLBase\Dependencies\assimp\matrix4x4.inl(1,1): warning C4819: 현재 코드 페이지(949)에서 표시할 수 없는 문자가 파일에 들어 있습니다. 데이터가 손실되지 않게 하려면 해당 파일을 유니코드 형식으로 저장하십시오.
  Camera.cpp
  GameObject.cpp
  Light.cpp
  LoadPng.cpp
C:\Users\common\Desktop\연구실 노트북 사용자\이용선\Git\IBPC\glsl2019\GLSLBase\LoadPng.cpp(800,34): warning C4334: '<<': 32비트 시프트의 결과가 암시적으로 64비트로 변환됩니다. 64비트 시프트를 사용하시겠습니까?
C:\Users\common\Desktop\연구실 노트북 사용자\이용선\Git\IBPC\glsl2019\GLSLBase\LoadPng.cpp(1462,28): warning C4267: '=': 'size_t'에서 'int'(으)로 변환하면서 데이터가 손실될 수 있습니다.
C:\Users\common\Desktop\연구실 노트북 사용자\이용선\Git\IBPC\glsl2019\GLSLBase\LoadPng.cpp(1466,30): warning C4267: '=': 'size_t'에서 'int'(으)로 변환하면서 데이터가 손실될 수 있습니다.
C:\Users\common\Desktop\연구실 노트북 사용자\이용선\Git\IBPC\glsl2019\GLSLBase\LoadPng.cpp(1538,83): warning C4267: '=': 'size_t'에서 'unsigned int'(으)로 변환하면서 데이터가 손실될 수 있습니다.
C:\Users\common\Desktop\연구실 노트북 사용자\이용선\Git\IBPC\glsl2019\GLSLBase\LoadPng.cpp(3483,44): warning C4334: '<<': 32비트 시프트의 결과가 암시적으로 64비트로 변환됩니다. 64비트 시프트를 사용하시겠습니까?
C:\Users\common\Desktop\연구실 노트북 사용자\이용선\Git\IBPC\glsl2019\GLSLBase\LoadPng.cpp(3497,51): warning C4267: '인수': 'size_t'에서 'unsigned int'(으)로 변환하면서 데이터가 손실될 수 있습니다.
C:\Users\common\Desktop\연구실 노트북 사용자\이용선\Git\IBPC\glsl2019\GLSLBase\LoadPng.cpp(4338,73): warning C4267: '=': 'size_t'에서 'unsigned int'(으)로 변환하면서 데이터가 손실될 수 있습니다.
C:\Users\common\Desktop\연구실 노트북 사용자\이용선\Git\IBPC\glsl2019\GLSLBase\LoadPng.cpp(4386,39): warning C4267: '=': 'size_t'에서 'unsigned int'(으)로 변환하면서 데이터가 손실될 수 있습니다.
C:\Users\common\Desktop\연구실 노트북 사용자\이용선\Git\IBPC\glsl2019\GLSLBase\LoadPng.cpp(4466,57): warning C4267: '=': 'size_t'에서 'unsigned int'(으)로 변환하면서 데이터가 손실될 수 있습니다.
C:\Users\common\Desktop\연구실 노트북 사용자\이용선\Git\IBPC\glsl2019\GLSLBase\LoadPng.cpp(5409,34): warning C4267: '초기화 중': 'size_t'에서 'unsigned int'(으)로 변환하면서 데이터가 손실될 수 있습니다.
  Mesh.cpp
  Renderer.cpp
C:\Users\common\Desktop\연구실 노트북 사용자\이용선\Git\IBPC\glsl2019\GLSLBase\Renderer.cpp(462,21): warning C4018: '<': signed 또는 unsigned가 일치하지 않습니다.
C:\Users\common\Desktop\연구실 노트북 사용자\이용선\Git\IBPC\glsl2019\GLSLBase\Renderer.cpp(463,76): warning C4305: '인수': 'double'에서 'float'(으)로 잘립니다.
C:\Users\common\Desktop\연구실 노트북 사용자\이용선\Git\IBPC\glsl2019\GLSLBase\Renderer.cpp(463,100): warning C4305: '인수': 'double'에서 'float'(으)로 잘립니다.
C:\Users\common\Desktop\연구실 노트북 사용자\이용선\Git\IBPC\glsl2019\GLSLBase\Renderer.cpp(470,40): warning C4018: '<': signed 또는 unsigned가 일치하지 않습니다.
C:\Users\common\Desktop\연구실 노트북 사용자\이용선\Git\IBPC\glsl2019\GLSLBase\Renderer.cpp(471,74): warning C4305: '인수': 'double'에서 'float'(으)로 잘립니다.
C:\Users\common\Desktop\연구실 노트북 사용자\이용선\Git\IBPC\glsl2019\GLSLBase\Renderer.cpp(471,98): warning C4305: '인수': 'double'에서 'float'(으)로 잘립니다.
  GLSLBase.cpp
  Framebuffer.cpp
  ShaderProgram.cpp
  Texture.cpp
C:\Users\common\Desktop\연구실 노트북 사용자\이용선\Git\IBPC\glsl2019\GLSLBase\Texture.cpp(111,56): warning C4244: '인수': 'GLint'에서 'GLfloat'(으)로 변환하면서 데이터가 손실될 수 있습니다.
C:\Users\common\Desktop\연구실 노트북 사용자\이용선\Git\IBPC\glsl2019\GLSLBase\Texture.cpp(112,56): warning C4244: '인수': 'GLint'에서 'GLfloat'(으)로 변환하면서 데이터가 손실될 수 있습니다.
C:\Users\common\Desktop\연구실 노트북 사용자\이용선\Git\IBPC\glsl2019\GLSLBase\Texture.cpp(135,56): warning C4244: '인수': 'GLint'에서 'GLfloat'(으)로 변환하면서 데이터가 손실될 수 있습니다.
C:\Users\common\Desktop\연구실 노트북 사용자\이용선\Git\IBPC\glsl2019\GLSLBase\Texture.cpp(136,56): warning C4244: '인수': 'GLint'에서 'GLfloat'(으)로 변환하면서 데이터가 손실될 수 있습니다.
  Transform.cpp
  Vertex.cpp
  코드를 생성하고 있습니다...
  GLSLBase.vcxproj -> C:\Users\common\Desktop\연구실 노트북 사용자\이용선\Git\IBPC\glsl2019\x64\Debug\GLSLBase.exe
